<?xml version="1.0" encoding="UTF-8"?>
<!-- Generated by org.testng.reporters.JUnitReportReporter -->
<testsuite skipped="0" hostname="AMCHLT211" name="jenkinsProject.LogoutTest" tests="1" failures="0" timestamp="19 Sep 2018 17:31:58 GMT" time="32.583" errors="0">
  <testcase name="logoutTest" time="32.583" classname="jenkinsProject.LogoutTest"/>
</testsuite> <!-- jenkinsProject.LogoutTest -->
