<?xml version="1.0" encoding="UTF-8"?>
<!-- Generated by org.testng.reporters.JUnitReportReporter -->
<testsuite skipped="0" hostname="AMCHLT211" name="jenkinsProject.MavenJenkinsDemo" tests="1" failures="0" timestamp="19 Sep 2018 17:31:58 GMT" time="24.178" errors="0">
  <testcase name="mavenJenkinTest" time="24.178" classname="jenkinsProject.MavenJenkinsDemo"/>
</testsuite> <!-- jenkinsProject.MavenJenkinsDemo -->
